<?xml version="1.0" encoding="UTF-8" ?>
<testsuites errors="1"
            failures="0"
            tests="0">

  <testsuite name="test-with-pageobjects"
    errors="1" failures="0" hostname="" id="" package="test-with-pageobjects" skipped="2"
    tests="0" time="0.000" timestamp="">
  

  
    <system-err>
      [0;31m  Error: An error occurred while retrieving a new session: &#34;session not created: This version of ChromeDriver only supports Chrome version 79&#34;[0m
[0;90m       at endReadableNT (_stream_readable.js:1081:12)
       at process._tickCallback (internal/process/next_tick.js:63:19)[0m
[0;31m  Error: An error occurred while retrieving a new session: &#34;session not created: This version of ChromeDriver only supports Chrome version 79&#34;[0m
[0;90m       at endReadableNT (_stream_readable.js:1081:12)
       at process._tickCallback (internal/process/next_tick.js:63:19)[0m
    </system-err>
  

  
    
    <testcase
      name="e2e tests using page objects" classname="test-with-pageobjects">
      <skipped />
    </testcase>
    
    <testcase
      name="verify if string &#34;e2e-nightwatch&#34; is within the cli plugin links" classname="test-with-pageobjects">
      <skipped />
    </testcase>
    
  
  </testsuite>
</testsuites>
